<?xml version="1.0" encoding="UTF-8"?>
<!-- Generated by org.testng.reporters.JUnitReportReporter -->
<testsuite hostname="LP-C02GK27QMD6M" failures="0" tests="1" name="com.TestCases.Login_US2" time="25.290" errors="0" timestamp="2023-03-24T16:37:38 IST" skipped="0">
  <testcase classname="com.TestCases.Login_US2" name="loginpage" time="25.290"/>
  <system-out/>
</testsuite> <!-- com.TestCases.Login_US2 -->
