<?xml version="1.0" encoding="UTF-8"?>
<!-- Generated by org.testng.reporters.JUnitReportReporter -->
<testsuite hostname="LP-C02GK27QMD6M" failures="0" tests="1" name="com.CA.Base.Tests" time="0.003" errors="0" timestamp="2023-02-09T12:57:03 IST" skipped="0">
  <testcase classname="com.CA.Base.Tests" name="run" time="0.003"/>
  <system-out/>
</testsuite> <!-- com.CA.Base.Tests -->
