<?xml version="1.0" encoding="UTF-8"?>
<!-- Generated by org.testng.reporters.JUnitReportReporter -->
<testsuite hostname="LP-C02GK27QMD6M" failures="0" tests="1" name="com.CA.login.TestiOS" time="0.004" errors="0" timestamp="2023-01-16T15:07:02 IST" skipped="0">
  <testcase classname="com.CA.login.TestiOS" name="test" time="0.004"/>
  <system-out/>
</testsuite> <!-- com.CA.login.TestiOS -->
