<?xml version="1.0" encoding="UTF-8"?>
<!-- Generated by org.testng.reporters.JUnitReportReporter -->
<testsuite hostname="LP-C02GK27QMD6M" failures="0" tests="1" name="com.CA.Base.TestBase2" time="6.581" errors="0" timestamp="2023-02-22T23:41:17 IST" skipped="0">
  <testcase classname="com.CA.Base.TestBase2" name="test" time="6.581"/>
  <system-out/>
</testsuite> <!-- com.CA.Base.TestBase2 -->
