<?xml version="1.0" encoding="UTF-8"?>
<!-- Generated by org.testng.reporters.JUnitReportReporter -->
<testsuite hostname="LP-C02GK27QMD6M" failures="0" tests="2" name="com.TestCases.Matches_TC" time="116.400" errors="0" timestamp="2023-03-24T13:21:12 IST" skipped="0">
  <testcase classname="com.TestCases.Matches_TC" name="homepage" time="27.287"/>
  <system-out/>
  <testcase classname="com.TestCases.Matches_TC" name="filter" time="89.113"/>
  <system-out/>
</testsuite> <!-- com.TestCases.Matches_TC -->
