<?xml version="1.0" encoding="UTF-8"?>
<!-- Generated by org.testng.reporters.JUnitReportReporter -->
<testsuite hostname="LP-C02GK27QMD6M" failures="0" tests="1" name="com.TestCases.Login_US1" time="2.098" errors="0" timestamp="2023-02-09T19:35:44 IST" skipped="0">
  <testcase classname="com.TestCases.Login_US1" name="loginpage" time="2.098"/>
  <system-out/>
</testsuite> <!-- com.TestCases.Login_US1 -->
