<?xml version="1.0" encoding="UTF-8"?>
<!-- Generated by org.testng.reporters.JUnitReportReporter -->
<testsuite hostname="LP-C02GK27QMD6M" failures="0" tests="1" name="com.TestCases.Homepage_TC" time="30.970" errors="0" timestamp="2023-03-31T17:28:16 IST" skipped="0">
  <testcase classname="com.TestCases.Homepage_TC" name="homepage" time="30.970"/>
  <system-out>
    <![CDATA[Click to see Screenshot
<a target="_blank" href=Fri_Mar_31_17_28_15_IST_2023.png>Screenshot</a>
<br>
<br>
<a target="_blank" href=Fri_Mar_31_17_28_15_IST_2023.png><img src=Fri_Mar_31_17_28_15_IST_2023.png height=200 width=200></img></a>]]>
  </system-out>
</testsuite> <!-- com.TestCases.Homepage_TC -->
